<?xml version="1.0" encoding="UTF-8"?>
<!-- Generated by org.testng.reporters.JUnitReportReporter -->
<testsuite hostname="sai" failures="0" tests="1" name="APIrequests.POSTRequest_1" time="3.990" errors="0" timestamp="2023-04-29T21:17:00 IST" skipped="0">
  <testcase classname="APIrequests.POSTRequest_1" name="testPOSTRequest" time="3.990"/>
  <system-out/>
</testsuite> <!-- APIrequests.POSTRequest_1 -->
