<?xml version="1.0" encoding="UTF-8"?>
<!-- Generated by org.testng.reporters.JUnitReportReporter -->
<testsuite hostname="sai" failures="0" tests="1" name="APIrequests.GETRequest_authentication" time="7.723" errors="0" timestamp="2023-05-01T17:07:06 IST" skipped="0">
  <testcase classname="APIrequests.GETRequest_authentication" name="validateAuthentication" time="7.723"/>
  <system-out/>
</testsuite> <!-- APIrequests.GETRequest_authentication -->
