<?xml version="1.0" encoding="UTF-8"?>
<!-- Generated by org.testng.reporters.JUnitReportReporter -->
<testsuite hostname="sai" failures="0" tests="1" name="APIrequests.GETRequest_5" time="6.772" errors="0" timestamp="2023-05-01T16:56:21 IST" skipped="0">
  <testcase classname="APIrequests.GETRequest_5" name="validate1by1ResponseBody" time="6.772"/>
  <system-out/>
</testsuite> <!-- APIrequests.GETRequest_5 -->
