<?xml version="1.0" encoding="UTF-8"?>
<!-- Generated by org.testng.reporters.JUnitReportReporter -->
<testsuite hostname="sai" failures="0" tests="1" name="APIrequests.GETRquest_4" time="16.552" errors="0" timestamp="2023-05-01T16:33:04 IST" skipped="0">
  <testcase classname="APIrequests.GETRquest_4" name="validateJSONResponse" time="16.552"/>
  <system-out/>
</testsuite> <!-- APIrequests.GETRquest_4 -->
