<?xml version="1.0" encoding="UTF-8"?>
<!-- Generated by org.testng.reporters.JUnitReportReporter -->
<testsuite hostname="sai" failures="0" tests="1" name="APIrequests.GETRequest_WithAuth" time="7.328" errors="0" timestamp="2023-05-01T17:20:54 IST" skipped="0">
  <testcase classname="APIrequests.GETRequest_WithAuth" name="withAuthentication" time="7.328"/>
  <system-out/>
</testsuite> <!-- APIrequests.GETRequest_WithAuth -->
