<?xml version="1.0" encoding="UTF-8"?>
<!-- Generated by org.testng.reporters.JUnitReportReporter -->
<testsuite hostname="sai" failures="0" tests="1" name="APIrequests.GETRequest_3" time="8.322" errors="0" timestamp="2023-05-01T16:19:43 IST" skipped="0">
  <testcase classname="APIrequests.GETRequest_3" name="getAllHeaders" time="8.322"/>
  <system-out/>
</testsuite> <!-- APIrequests.GETRequest_3 -->
