<?xml version="1.0" encoding="UTF-8"?>
<!-- Generated by org.testng.reporters.JUnitReportReporter -->
<testsuite hostname="sai" failures="0" tests="1" name="APIrequests.GETRequest_2" time="4.154" errors="0" timestamp="2023-04-29T21:04:31 IST" skipped="0">
  <testcase classname="APIrequests.GETRequest_2" name="validateHeaders" time="4.154"/>
  <system-out/>
</testsuite> <!-- APIrequests.GETRequest_2 -->
