<?xml version="1.0" encoding="UTF-8"?>
<!-- Generated by org.testng.reporters.JUnitReportReporter -->
<testsuite hostname="sai" failures="0" tests="1" name="APIrequests.GETRequest_WithoutAuth" time="7.335" errors="0" timestamp="2023-05-01T17:17:18 IST" skipped="0">
  <testcase classname="APIrequests.GETRequest_WithoutAuth" name="withOutAuthentication" time="7.335"/>
  <system-out/>
</testsuite> <!-- APIrequests.GETRequest_WithoutAuth -->
