<?xml version="1.0" encoding="UTF-8"?>
<!-- Generated by org.testng.reporters.JUnitReportReporter -->
<testsuite hostname="sai" failures="0" tests="1" name="APIrequests.GETRequest_1" time="9.895" errors="0" timestamp="2023-05-10T13:50:59 IST" skipped="0">
  <testcase classname="APIrequests.GETRequest_1" name="testGETRequest" time="9.895"/>
  <system-out/>
</testsuite> <!-- APIrequests.GETRequest_1 -->
